[futbolparatodos.online/es/es/index.html]
[backblue.gif]
[fade.gif]
[index.html]
[futbolparatodos.online/wp-content/plugins/w3-total-cache/pub/js/lazyload.min4581.js]
[futbolparatodos.online/wp-includes/css/dist/block-library/style.min4581.css]
[futbolparatodos.online/wp-content/plugins/quick-adsense-reloaded/includes/gutenberg/dist/blocks.style.build4581.css]
[futbolparatodos.online/wp-content/themes/hueman/assets/front/css/main.min4581.css]
[futbolparatodos.online/wp-content/uploads/2021/03/paso-a-deportista-profesion.jpg]
[futbolparatodos.online/wp-content/themes/hueman/assets/front/js/libs/mobile-detect.min4581.js]
[futbolparatodos.online/wp-includes/js/jquery/jquery.min4581.js]
[futbolparatodos.online/wp-includes/js/jquery/jquery-migrate.min4581.js]
[futbolparatodos.online/wp-content/uploads/2021/03/cropped-logo-1-32x324581.jpg]
[futbolparatodos.online/wp-content/uploads/2021/03/cropped-logo-1-192x1924581.jpg]
[futbolparatodos.online/wp-content/uploads/2021/03/cropped-logo-1-180x1804581.jpg]
[futbolparatodos.net/wp-content/uploads/2018/06/playmini.png]
[superligafutbol.com/wp-content/uploads/2020/10/11.c.delayed]
[pagead2.googlesyndication.com/pagead/js/fa002.txt]
[futbolparatodos.online/wp-content/plugins/quick-adsense-reloaded/assets/js/ads4581.js]
[futbolparatodos.online/cdn-cgi/scripts/5c5dd728/cloudflare-static/email-decode.min.js]
[futbolparatodos.online/wp-includes/js/underscore.min4581.js]
[futbolparatodos.online/es/es/index.html]
[futbolparatodos.online/wp-includes/css/dist/block-library/style.min4581.css]
[futbolparatodos.online/wp-content/plugins/quick-adsense-reloaded/includes/gutenberg/dist/blocks.style.build4581.css]
[futbolparatodos.online/wp-content/themes/hueman/assets/front/js/hu-init.min4581.js]
[futbolparatodos.online/wp-content/themes/hueman/assets/front/img/opacity-10.png]
[futbolparatodos.online/wp-content/themes/hueman/assets/front/img/ie/opacity-70.png]
[futbolparatodos.online/wp-content/themes/hueman/assets/front/img/ie/opacity-80-light.png]
[futbolparatodos.online/wp-content/themes/hueman/assets/front/css/main.min4581.css]
[futbolparatodos.online/wp-content/themes/hueman/assets/front/img/pre.png]
[superligafutbol.com/wp-content/uploads/2020/10/11.html]
